<?xml version="1.0" encoding="UTF-8"?>
<!-- Generated by org.testng.reporters.JUnitReportReporter -->
<testsuite hostname="sasikalagopinat" failures="0" tests="3" name="testcases.Facebook" time="26.295" errors="0" timestamp="07 Jun 2019 03:00:26 GMT" skipped="0">
  <testcase classname="testcases.Facebook" name="fb" time="8.106"/>
  <testcase classname="testcases.Facebook" name="fb" time="10.441"/>
  <testcase classname="testcases.Facebook" name="fb" time="7.748"/>
</testsuite> <!-- testcases.Facebook -->
