<?xml version="1.0" encoding="UTF-8"?>
<!-- Generated by org.testng.reporters.JUnitReportReporter -->
<testsuite hostname="sasikalagopinat" failures="0" tests="1" name="testcases.TestNGPractice" time="0.011" errors="0" timestamp="06 Jun 2019 03:54:35 GMT" skipped="0">
  <testcase classname="testcases.TestNGPractice" name="test" time="0.011"/>
</testsuite> <!-- testcases.TestNGPractice -->
