<?xml version="1.0" encoding="UTF-8"?>
<!-- Generated by org.testng.reporters.JUnitReportReporter -->
<testsuite hostname="sasikalagopinat" failures="0" tests="3" name="testcases.TC005" time="311.244" errors="0" timestamp="23 Jun 2019 09:34:48 GMT" skipped="0">
  <testcase classname="testcases.TC005" name="IrctcAccomadationGSTValidation" time="83.515"/>
  <testcase classname="testcases.TC005" name="IrctcAccomadationGSTValidation" time="122.735"/>
  <testcase classname="testcases.TC005" name="IrctcAccomadationGSTValidation" time="104.994"/>
</testsuite> <!-- testcases.TC005 -->
