<?xml version="1.0" encoding="UTF-8"?>
<!-- Generated by org.testng.reporters.JUnitReportReporter -->
<testsuite hostname="sasikalagopinat" failures="0" tests="3" name="testcases.TC001" time="108.844" errors="0" timestamp="22 Jun 2019 17:44:24 GMT" skipped="0">
  <testcase classname="testcases.TC001" name="irctcReg" time="35.154"/>
  <testcase classname="testcases.TC001" name="irctcReg" time="32.061"/>
  <testcase classname="testcases.TC001" name="irctcReg" time="41.629"/>
</testsuite> <!-- testcases.TC001 -->
