<?xml version="1.0" encoding="UTF-8"?>
<!-- Generated by org.testng.reporters.JUnitReportReporter -->
<testsuite hostname="sasikalagopinat" failures="0" tests="3" name="testcases.TC003" time="240.456" errors="0" timestamp="23 Jun 2019 08:57:19 GMT" skipped="0">
  <testcase classname="testcases.TC003" name="IrctcNationalVoterServicePortal" time="68.713"/>
  <testcase classname="testcases.TC003" name="IrctcNationalVoterServicePortal" time="91.169"/>
  <testcase classname="testcases.TC003" name="IrctcNationalVoterServicePortal" time="80.574"/>
</testsuite> <!-- testcases.TC003 -->
