<?xml version="1.0" encoding="UTF-8"?>
<!-- Generated by org.testng.reporters.JUnitReportReporter -->
<testsuite hostname="sasikalagopinat" failures="0" tests="3" name="testcases.TC004" time="188.199" errors="0" timestamp="23 Jun 2019 09:05:18 GMT" skipped="0">
  <testcase classname="testcases.TC004" name="IrctcSaloonMandatoryCheck" time="65.251"/>
  <testcase classname="testcases.TC004" name="IrctcSaloonMandatoryCheck" time="49.234"/>
  <testcase classname="testcases.TC004" name="IrctcSaloonMandatoryCheck" time="73.714"/>
</testsuite> <!-- testcases.TC004 -->
