<?xml version="1.0" encoding="UTF-8"?>
<!-- Generated by org.testng.reporters.JUnitReportReporter -->
<testsuite hostname="sasikalagopinat" failures="0" tests="3" name="testcases.Facebook1" time="76.978" errors="0" timestamp="07 Jun 2019 04:38:04 GMT" skipped="0">
  <testcase classname="testcases.Facebook1" name="facebook" time="26.015"/>
  <testcase classname="testcases.Facebook1" name="facebook" time="35.738"/>
  <testcase classname="testcases.Facebook1" name="facebook" time="15.225"/>
</testsuite> <!-- testcases.Facebook1 -->
